<?xml version="1.0" encoding="UTF-8"?>
<testsuite xmlns:xsi="http://www.w3.org/2001/XMLSchema-instance" xsi:noNamespaceSchemaLocation="https://maven.apache.org/surefire/maven-surefire-plugin/xsd/surefire-test-report.xsd" name="com.wedoqa.qalearning.restapi.tests.UserApiTest" time="6.678" tests="15" errors="0" skipped="0" failures="0">
  <properties>
[...]
</properties>
  <testcase name="testExistingUserPartialUpdate" classname="com.wedoqa.qalearning.restapi.tests.UserApiTest" time="0.599"/>
  <testcase name="testNewUserCreation" classname="com.wedoqa.qalearning.restapi.tests.UserApiTest" time="0.433"/>
  <testcase name="testAddressOfUserWithGivenId" classname="com.wedoqa.qalearning.restapi.tests.UserApiTest" time="0.24"/>
  <testcase name="testNumberOfUsersShouldBe10" classname="com.wedoqa.qalearning.restapi.tests.UserApiTest" time="0.469"/>
  <testcase name="testUserMatchingWithGivenUserId{int}[1]" classname="com.wedoqa.qalearning.restapi.tests.UserApiTest" time="0.076"/>
  <testcase name="testUserMatchingWithGivenUserId{int}[2]" classname="com.wedoqa.qalearning.restapi.tests.UserApiTest" time="0.213"/>
  <testcase name="testUserMatchingWithGivenUserId{int}[3]" classname="com.wedoqa.qalearning.restapi.tests.UserApiTest" time="0.303"/>
  <testcase name="testUserMatchingWithGivenUserId{int}[4]" classname="com.wedoqa.qalearning.restapi.tests.UserApiTest" time="0.261"/>
  <testcase name="testUserMatchingWithGivenUserId{int}[5]" classname="com.wedoqa.qalearning.restapi.tests.UserApiTest" time="0.238"/>
  <testcase name="testUserMatchingWithGivenUserId{int}[6]" classname="com.wedoqa.qalearning.restapi.tests.UserApiTest" time="0.2"/>
  <testcase name="testUserMatchingWithGivenUserId{int}[7]" classname="com.wedoqa.qalearning.restapi.tests.UserApiTest" time="0.236"/>
  <testcase name="testUserMatchingWithGivenUserId{int}[8]" classname="com.wedoqa.qalearning.restapi.tests.UserApiTest" time="0.234"/>
  <testcase name="testUserMatchingWithGivenUserId{int}[9]" classname="com.wedoqa.qalearning.restapi.tests.UserApiTest" time="0.21"/>
  <testcase name="testUserMatchingWithGivenUserId{int}[10]" classname="com.wedoqa.qalearning.restapi.tests.UserApiTest" time="0.212"/>
  <testcase name="testDeleteExistingUser" classname="com.wedoqa.qalearning.restapi.tests.UserApiTest" time="0.322"/>
</testsuite>